<?xml version="1.0" encoding="UTF-8"?>
<testng-results ignored="0" total="2" passed="2" failed="0" skipped="0">
  <reporter-output>
  </reporter-output>
  <suite started-at="2024-01-01T18:19:20 IST" name="Suite" finished-at="2024-01-01T18:19:43 IST" duration-ms="22888">
    <groups>
    </groups>
    <test started-at="2024-01-01T18:19:20 IST" name="Test" finished-at="2024-01-01T18:19:43 IST" duration-ms="22888">
      <class name="test.LoginTest">
        <test-method is-config="true" signature="iniBrowser()[pri:0, instance:test.LoginTest@2118cddf]" started-at="2024-01-01T18:19:02 IST" name="iniBrowser" finished-at="2024-01-01T18:19:20 IST" duration-ms="18095" status="PASS">
          <reporter-output>
          </reporter-output>
        </test-method> <!-- iniBrowser -->
        <test-method signature="login()[pri:0, instance:test.LoginTest@2118cddf]" started-at="2024-01-01T18:19:20 IST" name="login" finished-at="2024-01-01T18:19:21 IST" duration-ms="1144" status="PASS">
          <reporter-output>
          </reporter-output>
        </test-method> <!-- login -->
        <test-method signature="iniBrowser()[pri:1, instance:test.LoginTest@2118cddf]" started-at="2024-01-01T18:19:21 IST" name="iniBrowser" finished-at="2024-01-01T18:19:43 IST" duration-ms="21702" status="PASS">
          <reporter-output>
          </reporter-output>
        </test-method> <!-- iniBrowser -->
      </class> <!-- test.LoginTest -->
    </test> <!-- Test -->
  </suite> <!-- Suite -->
</testng-results>
